<?xml version="1.0" encoding="UTF-8"?>
<coverage generated="1672843288205" clover="3.2.0">
  <project timestamp="1672843288205" name="All files">
    <metrics statements="67" coveredstatements="67" conditionals="53" coveredconditionals="52" methods="7" coveredmethods="7" elements="127" coveredelements="126" complexity="0" loc="67" ncloc="67" packages="1" files="2" classes="2"/>
    <file name="equationProcessor.js" path="/Users/kbuczynski/Documents/zpsb/inzynieria-oprogramowania/calculator/src/calculator/equationProcessor.js">
      <metrics statements="61" coveredstatements="61" conditionals="53" coveredconditionals="52" methods="2" coveredmethods="2"/>
      <line num="6" count="1" type="stmt"/>
      <line num="7" count="24" type="cond" truecount="4" falsecount="0"/>
      <line num="8" count="22" type="cond" truecount="4" falsecount="0"/>
      <line num="10" count="20" type="stmt"/>
      <line num="11" count="20" type="stmt"/>
      <line num="12" count="20" type="stmt"/>
      <line num="13" count="20" type="stmt"/>
      <line num="15" count="20" type="cond" truecount="2" falsecount="0"/>
      <line num="18" count="111" type="stmt"/>
      <line num="21" count="3" type="stmt"/>
      <line num="23" count="17" type="stmt"/>
      <line num="31" count="17" type="stmt"/>
      <line num="32" count="17" type="stmt"/>
      <line num="33" count="17" type="stmt"/>
      <line num="34" count="17" type="stmt"/>
      <line num="36" count="17" type="stmt"/>
      <line num="37" count="97" type="stmt"/>
      <line num="38" count="97" type="cond" truecount="2" falsecount="0"/>
      <line num="39" count="36" type="cond" truecount="2" falsecount="0"/>
      <line num="40" count="20" type="stmt"/>
      <line num="41" count="20" type="stmt"/>
      <line num="43" count="36" type="cond" truecount="2" falsecount="0"/>
      <line num="44" count="14" type="cond" truecount="2" falsecount="0"/>
      <line num="45" count="4" type="stmt"/>
      <line num="47" count="10" type="stmt"/>
      <line num="48" count="10" type="stmt"/>
      <line num="49" count="10" type="cond" truecount="2" falsecount="0"/>
      <line num="53" count="7" type="stmt"/>
      <line num="57" count="36" type="cond" truecount="2" falsecount="0"/>
      <line num="58" count="22" type="stmt"/>
      <line num="59" count="22" type="stmt"/>
      <line num="67" count="10" type="stmt"/>
      <line num="68" count="10" type="stmt"/>
      <line num="71" count="36" type="stmt"/>
      <line num="72" count="61" type="cond" truecount="2" falsecount="0"/>
      <line num="73" count="46" type="stmt"/>
      <line num="74" count="15" type="cond" truecount="2" falsecount="0"/>
      <line num="75" count="7" type="stmt"/>
      <line num="76" count="8" type="cond" truecount="1" falsecount="1"/>
      <line num="77" count="8" type="cond" truecount="2" falsecount="0"/>
      <line num="78" count="7" type="stmt"/>
      <line num="79" count="7" type="stmt"/>
      <line num="81" count="8" type="stmt"/>
      <line num="85" count="7" type="stmt"/>
      <line num="87" count="8" type="cond" truecount="2" falsecount="0"/>
      <line num="88" count="7" type="stmt"/>
      <line num="91" count="97" type="stmt"/>
      <line num="94" count="17" type="cond" truecount="2" falsecount="0"/>
      <line num="96" count="17" type="stmt"/>
      <line num="97" count="17" type="stmt"/>
      <line num="99" count="17" type="stmt"/>
      <line num="100" count="77" type="stmt"/>
      <line num="101" count="77" type="cond" truecount="2" falsecount="0"/>
      <line num="102" count="36" type="cond" truecount="2" falsecount="0"/>
      <line num="103" count="11" type="stmt"/>
      <line num="105" count="25" type="stmt"/>
      <line num="106" count="25" type="stmt"/>
      <line num="109" count="41" type="stmt"/>
      <line num="113" count="17" type="stmt"/>
      <line num="114" count="17" type="cond" truecount="2" falsecount="0"/>
      <line num="115" count="16" type="stmt"/>
    </file>
    <file name="operations.js" path="/Users/kbuczynski/Documents/zpsb/inzynieria-oprogramowania/calculator/src/calculator/operations.js">
      <metrics statements="6" coveredstatements="6" conditionals="0" coveredconditionals="0" methods="5" coveredmethods="5"/>
      <line num="2" count="12" type="stmt"/>
      <line num="4" count="4" type="stmt"/>
      <line num="6" count="4" type="stmt"/>
      <line num="8" count="9" type="stmt"/>
      <line num="10" count="12" type="stmt"/>
      <line num="13" count="2" type="stmt"/>
    </file>
  </project>
</coverage>
