{"/Users/kbuczynski/Documents/zpsb/inzynieria-oprogramowania/calculator/src/calculator/equationProcessor.js": {"path":"/Users/kbuczynski/Documents/zpsb/inzynieria-oprogramowania/calculator/src/calculator/equationProcessor.js","statementMap":{"0":{"start":{"line":6,"column":0},"end":{"line":116,"column":2}},"1":{"start":{"line":7,"column":2},"end":{"line":7,"column":51}},"2":{"start":{"line":7,"column":39},"end":{"line":7,"column":51}},"3":{"start":{"line":8,"column":2},"end":{"line":8,"column":61}},"4":{"start":{"line":8,"column":49},"end":{"line":8,"column":61}},"5":{"start":{"line":10,"column":17},"end":{"line":10,"column":30}},"6":{"start":{"line":11,"column":20},"end":{"line":11,"column":50}},"7":{"start":{"line":12,"column":19},"end":{"line":12,"column":29}},"8":{"start":{"line":13,"column":2},"end":{"line":13,"column":31}},"9":{"start":{"line":15,"column":2},"end":{"line":21,"column":16}},"10":{"start":{"line":18,"column":24},"end":{"line":18,"column":78}},"11":{"start":{"line":21,"column":4},"end":{"line":21,"column":16}},"12":{"start":{"line":23,"column":17},"end":{"line":29,"column":3}},"13":{"start":{"line":31,"column":19},"end":{"line":31,"column":21}},"14":{"start":{"line":32,"column":20},"end":{"line":32,"column":22}},"15":{"start":{"line":33,"column":12},"end":{"line":33,"column":13}},"16":{"start":{"line":34,"column":12},"end":{"line":34,"column":14}},"17":{"start":{"line":36,"column":2},"end":{"line":92,"column":3}},"18":{"start":{"line":37,"column":13},"end":{"line":37,"column":21}},"19":{"start":{"line":38,"column":4},"end":{"line":90,"column":5}},"20":{"start":{"line":39,"column":6},"end":{"line":42,"column":7}},"21":{"start":{"line":40,"column":8},"end":{"line":40,"column":31}},"22":{"start":{"line":41,"column":8},"end":{"line":41,"column":17}},"23":{"start":{"line":43,"column":6},"end":{"line":56,"column":7}},"24":{"start":{"line":44,"column":8},"end":{"line":55,"column":9}},"25":{"start":{"line":45,"column":10},"end":{"line":45,"column":24}},"26":{"start":{"line":47,"column":23},"end":{"line":47,"column":35}},"27":{"start":{"line":48,"column":23},"end":{"line":48,"column":35}},"28":{"start":{"line":49,"column":10},"end":{"line":54,"column":11}},"29":{"start":{"line":53,"column":12},"end":{"line":53,"column":26}},"30":{"start":{"line":57,"column":6},"end":{"line":70,"column":7}},"31":{"start":{"line":58,"column":22},"end":{"line":58,"column":55}},"32":{"start":{"line":59,"column":8},"end":{"line":69,"column":9}},"33":{"start":{"line":67,"column":10},"end":{"line":67,"column":45}},"34":{"start":{"line":68,"column":10},"end":{"line":68,"column":54}},"35":{"start":{"line":71,"column":6},"end":{"line":71,"column":26}},"36":{"start":{"line":72,"column":11},"end":{"line":90,"column":5}},"37":{"start":{"line":73,"column":6},"end":{"line":73,"column":16}},"38":{"start":{"line":74,"column":11},"end":{"line":90,"column":5}},"39":{"start":{"line":75,"column":6},"end":{"line":75,"column":26}},"40":{"start":{"line":76,"column":11},"end":{"line":90,"column":5}},"41":{"start":{"line":77,"column":6},"end":{"line":80,"column":7}},"42":{"start":{"line":78,"column":8},"end":{"line":78,"column":31}},"43":{"start":{"line":79,"column":8},"end":{"line":79,"column":17}},"44":{"start":{"line":81,"column":6},"end":{"line":86,"column":7}},"45":{"start":{"line":85,"column":8},"end":{"line":85,"column":43}},"46":{"start":{"line":87,"column":6},"end":{"line":89,"column":7}},"47":{"start":{"line":88,"column":8},"end":{"line":88,"column":25}},"48":{"start":{"line":91,"column":4},"end":{"line":91,"column":10}},"49":{"start":{"line":94,"column":2},"end":{"line":94,"column":41}},"50":{"start":{"line":94,"column":18},"end":{"line":94,"column":41}},"51":{"start":{"line":96,"column":2},"end":{"line":96,"column":57}},"52":{"start":{"line":97,"column":12},"end":{"line":97,"column":14}},"53":{"start":{"line":99,"column":2},"end":{"line":111,"column":3}},"54":{"start":{"line":100,"column":13},"end":{"line":100,"column":32}},"55":{"start":{"line":101,"column":4},"end":{"line":110,"column":5}},"56":{"start":{"line":102,"column":6},"end":{"line":107,"column":7}},"57":{"start":{"line":103,"column":8},"end":{"line":103,"column":45}},"58":{"start":{"line":105,"column":27},"end":{"line":105,"column":49}},"59":{"start":{"line":106,"column":8},"end":{"line":106,"column":46}},"60":{"start":{"line":109,"column":6},"end":{"line":109,"column":19}},"61":{"start":{"line":113,"column":17},"end":{"line":113,"column":37}},"62":{"start":{"line":114,"column":2},"end":{"line":114,"column":33}},"63":{"start":{"line":114,"column":21},"end":{"line":114,"column":33}},"64":{"start":{"line":115,"column":2},"end":{"line":115,"column":16}}},"fnMap":{"0":{"name":"(anonymous_0)","decl":{"start":{"line":6,"column":17},"end":{"line":6,"column":18}},"loc":{"start":{"line":6,"column":37},"end":{"line":116,"column":1}},"line":6},"1":{"name":"(anonymous_1)","decl":{"start":{"line":18,"column":14},"end":{"line":18,"column":15}},"loc":{"start":{"line":18,"column":24},"end":{"line":18,"column":78}},"line":18}},"branchMap":{"0":{"loc":{"start":{"line":7,"column":2},"end":{"line":7,"column":51}},"type":"if","locations":[{"start":{"line":7,"column":2},"end":{"line":7,"column":51}},{"start":{},"end":{}}],"line":7},"1":{"loc":{"start":{"line":7,"column":6},"end":{"line":7,"column":37}},"type":"binary-expr","locations":[{"start":{"line":7,"column":6},"end":{"line":7,"column":23}},{"start":{"line":7,"column":27},"end":{"line":7,"column":37}}],"line":7},"2":{"loc":{"start":{"line":8,"column":2},"end":{"line":8,"column":61}},"type":"if","locations":[{"start":{"line":8,"column":2},"end":{"line":8,"column":61}},{"start":{},"end":{}}],"line":8},"3":{"loc":{"start":{"line":8,"column":6},"end":{"line":8,"column":47}},"type":"binary-expr","locations":[{"start":{"line":8,"column":6},"end":{"line":8,"column":25}},{"start":{"line":8,"column":29},"end":{"line":8,"column":47}}],"line":8},"4":{"loc":{"start":{"line":15,"column":2},"end":{"line":21,"column":16}},"type":"if","locations":[{"start":{"line":15,"column":2},"end":{"line":21,"column":16}},{"start":{},"end":{}}],"line":15},"5":{"loc":{"start":{"line":38,"column":4},"end":{"line":90,"column":5}},"type":"if","locations":[{"start":{"line":38,"column":4},"end":{"line":90,"column":5}},{"start":{"line":72,"column":11},"end":{"line":90,"column":5}}],"line":38},"6":{"loc":{"start":{"line":39,"column":6},"end":{"line":42,"column":7}},"type":"if","locations":[{"start":{"line":39,"column":6},"end":{"line":42,"column":7}},{"start":{},"end":{}}],"line":39},"7":{"loc":{"start":{"line":43,"column":6},"end":{"line":56,"column":7}},"type":"if","locations":[{"start":{"line":43,"column":6},"end":{"line":56,"column":7}},{"start":{},"end":{}}],"line":43},"8":{"loc":{"start":{"line":44,"column":8},"end":{"line":55,"column":9}},"type":"if","locations":[{"start":{"line":44,"column":8},"end":{"line":55,"column":9}},{"start":{"line":46,"column":15},"end":{"line":55,"column":9}}],"line":44},"9":{"loc":{"start":{"line":49,"column":10},"end":{"line":54,"column":11}},"type":"if","locations":[{"start":{"line":49,"column":10},"end":{"line":54,"column":11}},{"start":{},"end":{}}],"line":49},"10":{"loc":{"start":{"line":50,"column":12},"end":{"line":51,"column":64}},"type":"binary-expr","locations":[{"start":{"line":50,"column":13},"end":{"line":50,"column":36}},{"start":{"line":50,"column":40},"end":{"line":50,"column":54}},{"start":{"line":50,"column":58},"end":{"line":50,"column":72}},{"start":{"line":51,"column":13},"end":{"line":51,"column":39}},{"start":{"line":51,"column":43},"end":{"line":51,"column":63}}],"line":50},"11":{"loc":{"start":{"line":57,"column":6},"end":{"line":70,"column":7}},"type":"if","locations":[{"start":{"line":57,"column":6},"end":{"line":70,"column":7}},{"start":{},"end":{}}],"line":57},"12":{"loc":{"start":{"line":60,"column":10},"end":{"line":65,"column":54}},"type":"binary-expr","locations":[{"start":{"line":60,"column":10},"end":{"line":60,"column":31}},{"start":{"line":61,"column":10},"end":{"line":61,"column":25}},{"start":{"line":62,"column":12},"end":{"line":62,"column":39}},{"start":{"line":63,"column":12},"end":{"line":63,"column":51}},{"start":{"line":64,"column":13},"end":{"line":64,"column":41}},{"start":{"line":65,"column":14},"end":{"line":65,"column":52}}],"line":60},"13":{"loc":{"start":{"line":72,"column":11},"end":{"line":90,"column":5}},"type":"if","locations":[{"start":{"line":72,"column":11},"end":{"line":90,"column":5}},{"start":{"line":74,"column":11},"end":{"line":90,"column":5}}],"line":72},"14":{"loc":{"start":{"line":74,"column":11},"end":{"line":90,"column":5}},"type":"if","locations":[{"start":{"line":74,"column":11},"end":{"line":90,"column":5}},{"start":{"line":76,"column":11},"end":{"line":90,"column":5}}],"line":74},"15":{"loc":{"start":{"line":76,"column":11},"end":{"line":90,"column":5}},"type":"if","locations":[{"start":{"line":76,"column":11},"end":{"line":90,"column":5}},{"start":{},"end":{}}],"line":76},"16":{"loc":{"start":{"line":77,"column":6},"end":{"line":80,"column":7}},"type":"if","locations":[{"start":{"line":77,"column":6},"end":{"line":80,"column":7}},{"start":{},"end":{}}],"line":77},"17":{"loc":{"start":{"line":82,"column":8},"end":{"line":83,"column":49}},"type":"binary-expr","locations":[{"start":{"line":82,"column":8},"end":{"line":82,"column":29}},{"start":{"line":83,"column":8},"end":{"line":83,"column":49}}],"line":82},"18":{"loc":{"start":{"line":87,"column":6},"end":{"line":89,"column":7}},"type":"if","locations":[{"start":{"line":87,"column":6},"end":{"line":89,"column":7}},{"start":{},"end":{}}],"line":87},"19":{"loc":{"start":{"line":94,"column":2},"end":{"line":94,"column":41}},"type":"if","locations":[{"start":{"line":94,"column":2},"end":{"line":94,"column":41}},{"start":{},"end":{}}],"line":94},"20":{"loc":{"start":{"line":101,"column":4},"end":{"line":110,"column":5}},"type":"if","locations":[{"start":{"line":101,"column":4},"end":{"line":110,"column":5}},{"start":{"line":108,"column":11},"end":{"line":110,"column":5}}],"line":101},"21":{"loc":{"start":{"line":102,"column":6},"end":{"line":107,"column":7}},"type":"if","locations":[{"start":{"line":102,"column":6},"end":{"line":107,"column":7}},{"start":{"line":104,"column":13},"end":{"line":107,"column":7}}],"line":102},"22":{"loc":{"start":{"line":114,"column":2},"end":{"line":114,"column":33}},"type":"if","locations":[{"start":{"line":114,"column":2},"end":{"line":114,"column":33}},{"start":{},"end":{}}],"line":114}},"s":{"0":1,"1":24,"2":2,"3":22,"4":2,"5":20,"6":20,"7":20,"8":20,"9":20,"10":111,"11":3,"12":17,"13":17,"14":17,"15":17,"16":17,"17":17,"18":97,"19":97,"20":36,"21":20,"22":20,"23":36,"24":14,"25":4,"26":10,"27":10,"28":10,"29":7,"30":36,"31":22,"32":22,"33":10,"34":10,"35":36,"36":61,"37":46,"38":15,"39":7,"40":8,"41":8,"42":7,"43":7,"44":8,"45":7,"46":8,"47":7,"48":97,"49":17,"50":14,"51":17,"52":17,"53":17,"54":77,"55":77,"56":36,"57":11,"58":25,"59":25,"60":41,"61":17,"62":17,"63":1,"64":16},"f":{"0":24,"1":111},"b":{"0":[2,22],"1":[24,23],"2":[2,20],"3":[22,21],"4":[3,17],"5":[36,61],"6":[20,16],"7":[14,22],"8":[4,10],"9":[7,3],"10":[10,2,1,10,6],"11":[22,14],"12":[32,25,17,13,7,4],"13":[46,15],"14":[7,8],"15":[8,0],"16":[7,1],"17":[15,14],"18":[7,1],"19":[14,3],"20":[36,41],"21":[11,25],"22":[1,16]},"_coverageSchema":"1a1c01bbd47fc00a2c39e90264f33305004495a9","hash":"4d8e6add13ffd41dd766dcacab952c2bd453a351"}
,"/Users/kbuczynski/Documents/zpsb/inzynieria-oprogramowania/calculator/src/calculator/operations.js": {"path":"/Users/kbuczynski/Documents/zpsb/inzynieria-oprogramowania/calculator/src/calculator/operations.js","statementMap":{"0":{"start":{"line":2,"column":8},"end":{"line":2,"column":23}},"1":{"start":{"line":2,"column":18},"end":{"line":2,"column":23}},"2":{"start":{"line":4,"column":8},"end":{"line":4,"column":23}},"3":{"start":{"line":4,"column":18},"end":{"line":4,"column":23}},"4":{"start":{"line":6,"column":10},"end":{"line":6,"column":25}},"5":{"start":{"line":6,"column":20},"end":{"line":6,"column":25}},"6":{"start":{"line":8,"column":11},"end":{"line":8,"column":26}},"7":{"start":{"line":8,"column":21},"end":{"line":8,"column":26}},"8":{"start":{"line":10,"column":11},"end":{"line":10,"column":24}},"9":{"start":{"line":10,"column":18},"end":{"line":10,"column":24}},"10":{"start":{"line":13,"column":0},"end":{"line":13,"column":28}}},"fnMap":{"0":{"name":"(anonymous_0)","decl":{"start":{"line":2,"column":8},"end":{"line":2,"column":9}},"loc":{"start":{"line":2,"column":18},"end":{"line":2,"column":23}},"line":2},"1":{"name":"(anonymous_1)","decl":{"start":{"line":4,"column":8},"end":{"line":4,"column":9}},"loc":{"start":{"line":4,"column":18},"end":{"line":4,"column":23}},"line":4},"2":{"name":"(anonymous_2)","decl":{"start":{"line":6,"column":10},"end":{"line":6,"column":11}},"loc":{"start":{"line":6,"column":20},"end":{"line":6,"column":25}},"line":6},"3":{"name":"(anonymous_3)","decl":{"start":{"line":8,"column":11},"end":{"line":8,"column":12}},"loc":{"start":{"line":8,"column":21},"end":{"line":8,"column":26}},"line":8},"4":{"name":"(anonymous_4)","decl":{"start":{"line":10,"column":11},"end":{"line":10,"column":12}},"loc":{"start":{"line":10,"column":18},"end":{"line":10,"column":24}},"line":10}},"branchMap":{},"s":{"0":2,"1":12,"2":2,"3":4,"4":2,"5":4,"6":2,"7":9,"8":2,"9":12,"10":2},"f":{"0":12,"1":4,"2":4,"3":9,"4":12},"b":{},"_coverageSchema":"1a1c01bbd47fc00a2c39e90264f33305004495a9","hash":"2547e68c568b0c5519a87560acbb189c039d69a0"}
}
