TN:
SF:src/calculator/equationProcessor.js
FN:6,(anonymous_0)
FN:18,(anonymous_1)
FNF:2
FNH:2
FNDA:24,(anonymous_0)
FNDA:111,(anonymous_1)
DA:6,1
DA:7,24
DA:8,22
DA:10,20
DA:11,20
DA:12,20
DA:13,20
DA:15,20
DA:18,111
DA:21,3
DA:23,17
DA:31,17
DA:32,17
DA:33,17
DA:34,17
DA:36,17
DA:37,97
DA:38,97
DA:39,36
DA:40,20
DA:41,20
DA:43,36
DA:44,14
DA:45,4
DA:47,10
DA:48,10
DA:49,10
DA:53,7
DA:57,36
DA:58,22
DA:59,22
DA:67,10
DA:68,10
DA:71,36
DA:72,61
DA:73,46
DA:74,15
DA:75,7
DA:76,8
DA:77,8
DA:78,7
DA:79,7
DA:81,8
DA:85,7
DA:87,8
DA:88,7
DA:91,97
DA:94,17
DA:96,17
DA:97,17
DA:99,17
DA:100,77
DA:101,77
DA:102,36
DA:103,11
DA:105,25
DA:106,25
DA:109,41
DA:113,17
DA:114,17
DA:115,16
LF:61
LH:61
BRDA:7,0,0,2
BRDA:7,0,1,22
BRDA:7,1,0,24
BRDA:7,1,1,23
BRDA:8,2,0,2
BRDA:8,2,1,20
BRDA:8,3,0,22
BRDA:8,3,1,21
BRDA:15,4,0,3
BRDA:15,4,1,17
BRDA:38,5,0,36
BRDA:38,5,1,61
BRDA:39,6,0,20
BRDA:39,6,1,16
BRDA:43,7,0,14
BRDA:43,7,1,22
BRDA:44,8,0,4
BRDA:44,8,1,10
BRDA:49,9,0,7
BRDA:49,9,1,3
BRDA:50,10,0,10
BRDA:50,10,1,2
BRDA:50,10,2,1
BRDA:50,10,3,10
BRDA:50,10,4,6
BRDA:57,11,0,22
BRDA:57,11,1,14
BRDA:60,12,0,32
BRDA:60,12,1,25
BRDA:60,12,2,17
BRDA:60,12,3,13
BRDA:60,12,4,7
BRDA:60,12,5,4
BRDA:72,13,0,46
BRDA:72,13,1,15
BRDA:74,14,0,7
BRDA:74,14,1,8
BRDA:76,15,0,8
BRDA:76,15,1,0
BRDA:77,16,0,7
BRDA:77,16,1,1
BRDA:82,17,0,15
BRDA:82,17,1,14
BRDA:87,18,0,7
BRDA:87,18,1,1
BRDA:94,19,0,14
BRDA:94,19,1,3
BRDA:101,20,0,36
BRDA:101,20,1,41
BRDA:102,21,0,11
BRDA:102,21,1,25
BRDA:114,22,0,1
BRDA:114,22,1,16
BRF:53
BRH:52
end_of_record
TN:
SF:src/calculator/operations.js
FN:2,(anonymous_0)
FN:4,(anonymous_1)
FN:6,(anonymous_2)
FN:8,(anonymous_3)
FN:10,(anonymous_4)
FNF:5
FNH:5
FNDA:12,(anonymous_0)
FNDA:4,(anonymous_1)
FNDA:4,(anonymous_2)
FNDA:9,(anonymous_3)
FNDA:12,(anonymous_4)
DA:2,12
DA:4,4
DA:6,4
DA:8,9
DA:10,12
DA:13,2
LF:6
LH:6
BRF:0
BRH:0
end_of_record
